mode: atomic
github.com/xcoulon/kubectl-diagnose/testsupport/fake_api_server.go:36.13,45.2 4 1
github.com/xcoulon/kubectl-diagnose/testsupport/fake_api_server.go:47.90,50.37 3 39
github.com/xcoulon/kubectl-diagnose/testsupport/fake_api_server.go:50.37,51.33 1 40
github.com/xcoulon/kubectl-diagnose/testsupport/fake_api_server.go:52.16,54.18 2 39
github.com/xcoulon/kubectl-diagnose/testsupport/fake_api_server.go:54.18,56.5 1 0
github.com/xcoulon/kubectl-diagnose/testsupport/fake_api_server.go:57.4,57.38 1 39
github.com/xcoulon/kubectl-diagnose/testsupport/fake_api_server.go:58.16,60.18 2 1
github.com/xcoulon/kubectl-diagnose/testsupport/fake_api_server.go:60.18,62.5 1 0
github.com/xcoulon/kubectl-diagnose/testsupport/fake_api_server.go:63.4,63.28 1 1
github.com/xcoulon/kubectl-diagnose/testsupport/fake_api_server.go:63.28,64.26 1 2
github.com/xcoulon/kubectl-diagnose/testsupport/fake_api_server.go:64.26,65.27 1 2
github.com/xcoulon/kubectl-diagnose/testsupport/fake_api_server.go:65.27,67.7 1 2
github.com/xcoulon/kubectl-diagnose/testsupport/fake_api_server.go:68.6,68.23 1 2
github.com/xcoulon/kubectl-diagnose/testsupport/fake_api_server.go:71.11,72.81 1 0
github.com/xcoulon/kubectl-diagnose/testsupport/fake_api_server.go:75.2,93.77 18 39
github.com/xcoulon/kubectl-diagnose/testsupport/fake_api_server.go:93.77,96.3 2 1
github.com/xcoulon/kubectl-diagnose/testsupport/fake_api_server.go:97.2,97.35 1 39
github.com/xcoulon/kubectl-diagnose/testsupport/fake_api_server.go:101.68,103.16 2 39
github.com/xcoulon/kubectl-diagnose/testsupport/fake_api_server.go:103.16,105.3 1 0
github.com/xcoulon/kubectl-diagnose/testsupport/fake_api_server.go:106.2,110.6 4 39
github.com/xcoulon/kubectl-diagnose/testsupport/fake_api_server.go:110.6,112.60 2 690
github.com/xcoulon/kubectl-diagnose/testsupport/fake_api_server.go:112.60,113.9 1 39
github.com/xcoulon/kubectl-diagnose/testsupport/fake_api_server.go:114.9,114.24 1 651
github.com/xcoulon/kubectl-diagnose/testsupport/fake_api_server.go:114.24,116.4 1 0
github.com/xcoulon/kubectl-diagnose/testsupport/fake_api_server.go:117.3,117.19 1 651
github.com/xcoulon/kubectl-diagnose/testsupport/fake_api_server.go:117.19,119.12 1 38
github.com/xcoulon/kubectl-diagnose/testsupport/fake_api_server.go:121.3,122.17 2 613
github.com/xcoulon/kubectl-diagnose/testsupport/fake_api_server.go:122.17,124.4 1 0
github.com/xcoulon/kubectl-diagnose/testsupport/fake_api_server.go:125.3,126.17 2 613
github.com/xcoulon/kubectl-diagnose/testsupport/fake_api_server.go:126.17,128.4 1 0
github.com/xcoulon/kubectl-diagnose/testsupport/fake_api_server.go:129.3,129.48 1 613
github.com/xcoulon/kubectl-diagnose/testsupport/fake_api_server.go:129.48,131.4 1 613
github.com/xcoulon/kubectl-diagnose/testsupport/fake_api_server.go:133.2,133.18 1 39
github.com/xcoulon/kubectl-diagnose/testsupport/fake_api_server.go:136.73,139.16 3 1
github.com/xcoulon/kubectl-diagnose/testsupport/fake_api_server.go:139.16,141.3 1 0
github.com/xcoulon/kubectl-diagnose/testsupport/fake_api_server.go:142.2,144.45 3 1
github.com/xcoulon/kubectl-diagnose/testsupport/fake_api_server.go:144.45,146.3 1 0
github.com/xcoulon/kubectl-diagnose/testsupport/fake_api_server.go:147.2,147.25 1 1
github.com/xcoulon/kubectl-diagnose/testsupport/fake_api_server.go:147.25,149.46 2 2
github.com/xcoulon/kubectl-diagnose/testsupport/fake_api_server.go:149.46,150.24 1 2
github.com/xcoulon/kubectl-diagnose/testsupport/fake_api_server.go:150.24,151.32 1 2
github.com/xcoulon/kubectl-diagnose/testsupport/fake_api_server.go:151.32,155.25 4 2
github.com/xcoulon/kubectl-diagnose/testsupport/fake_api_server.go:155.25,157.7 1 4
github.com/xcoulon/kubectl-diagnose/testsupport/fake_api_server.go:162.2,162.18 1 1
github.com/xcoulon/kubectl-diagnose/testsupport/fake_api_server.go:169.141,171.14 2 26
github.com/xcoulon/kubectl-diagnose/testsupport/fake_api_server.go:173.15,174.98 1 7
github.com/xcoulon/kubectl-diagnose/testsupport/fake_api_server.go:175.19,176.22 1 1
github.com/xcoulon/kubectl-diagnose/testsupport/fake_api_server.go:176.22,178.4 1 0
github.com/xcoulon/kubectl-diagnose/testsupport/fake_api_server.go:179.3,179.146 1 1
github.com/xcoulon/kubectl-diagnose/testsupport/fake_api_server.go:180.10,181.28 1 18
github.com/xcoulon/kubectl-diagnose/testsupport/fake_api_server.go:181.28,184.27 1 189
github.com/xcoulon/kubectl-diagnose/testsupport/fake_api_server.go:184.27,186.5 1 10
github.com/xcoulon/kubectl-diagnose/testsupport/fake_api_server.go:188.3,189.22 2 8
github.com/xcoulon/kubectl-diagnose/testsupport/fake_api_server.go:189.22,191.4 1 0
github.com/xcoulon/kubectl-diagnose/testsupport/fake_api_server.go:192.3,192.106 1 8
github.com/xcoulon/kubectl-diagnose/testsupport/fake_api_server.go:197.118,198.80 1 351
github.com/xcoulon/kubectl-diagnose/testsupport/fake_api_server.go:198.80,203.17 5 24
github.com/xcoulon/kubectl-diagnose/testsupport/fake_api_server.go:203.17,206.4 2 16
github.com/xcoulon/kubectl-diagnose/testsupport/fake_api_server.go:207.3,207.31 1 8
github.com/xcoulon/kubectl-diagnose/testsupport/fake_api_server.go:211.128,212.80 1 39
github.com/xcoulon/kubectl-diagnose/testsupport/fake_api_server.go:212.80,217.17 5 2
github.com/xcoulon/kubectl-diagnose/testsupport/fake_api_server.go:217.17,220.4 2 0
github.com/xcoulon/kubectl-diagnose/testsupport/fake_api_server.go:221.3,221.37 1 2
github.com/xcoulon/kubectl-diagnose/testsupport/fake_api_server.go:221.37,222.50 1 2
github.com/xcoulon/kubectl-diagnose/testsupport/fake_api_server.go:222.50,224.106 1 2
github.com/xcoulon/kubectl-diagnose/testsupport/fake_api_server.go:224.106,227.6 2 1
github.com/xcoulon/kubectl-diagnose/testsupport/fake_api_server.go:230.3,234.26 5 1
github.com/xcoulon/kubectl-diagnose/testsupport/fake_api_server.go:238.88,239.80 1 39
github.com/xcoulon/kubectl-diagnose/testsupport/fake_api_server.go:239.80,244.17 5 2
github.com/xcoulon/kubectl-diagnose/testsupport/fake_api_server.go:244.17,247.4 2 0
github.com/xcoulon/kubectl-diagnose/testsupport/fake_api_server.go:248.3,251.28 2 2
github.com/xcoulon/kubectl-diagnose/testsupport/fake_api_server.go:251.28,254.44 1 32
github.com/xcoulon/kubectl-diagnose/testsupport/fake_api_server.go:254.44,256.5 1 2
github.com/xcoulon/kubectl-diagnose/testsupport/fake_api_server.go:258.3,258.32 1 2
github.com/xcoulon/kubectl-diagnose/testsupport/fake_api_server.go:262.106,263.80 1 39
github.com/xcoulon/kubectl-diagnose/testsupport/fake_api_server.go:263.80,268.17 5 2
github.com/xcoulon/kubectl-diagnose/testsupport/fake_api_server.go:268.17,271.4 2 0
github.com/xcoulon/kubectl-diagnose/testsupport/fake_api_server.go:272.3,275.28 2 2
github.com/xcoulon/kubectl-diagnose/testsupport/fake_api_server.go:275.28,278.44 1 32
github.com/xcoulon/kubectl-diagnose/testsupport/fake_api_server.go:278.44,280.5 1 1
github.com/xcoulon/kubectl-diagnose/testsupport/fake_api_server.go:282.3,282.32 1 2
github.com/xcoulon/kubectl-diagnose/testsupport/fake_api_server.go:286.95,287.80 1 39
github.com/xcoulon/kubectl-diagnose/testsupport/fake_api_server.go:287.80,292.17 5 3
github.com/xcoulon/kubectl-diagnose/testsupport/fake_api_server.go:292.17,295.4 2 0
github.com/xcoulon/kubectl-diagnose/testsupport/fake_api_server.go:296.3,299.28 2 3
github.com/xcoulon/kubectl-diagnose/testsupport/fake_api_server.go:299.28,302.39 1 48
github.com/xcoulon/kubectl-diagnose/testsupport/fake_api_server.go:302.39,304.5 1 5
github.com/xcoulon/kubectl-diagnose/testsupport/fake_api_server.go:306.3,306.31 1 3
github.com/xcoulon/kubectl-diagnose/testsupport/fake_api_server.go:310.95,311.80 1 39
github.com/xcoulon/kubectl-diagnose/testsupport/fake_api_server.go:311.80,316.17 5 1
github.com/xcoulon/kubectl-diagnose/testsupport/fake_api_server.go:316.17,319.4 2 0
github.com/xcoulon/kubectl-diagnose/testsupport/fake_api_server.go:320.3,323.28 2 1
github.com/xcoulon/kubectl-diagnose/testsupport/fake_api_server.go:323.28,326.39 1 16
github.com/xcoulon/kubectl-diagnose/testsupport/fake_api_server.go:326.39,328.5 1 1
github.com/xcoulon/kubectl-diagnose/testsupport/fake_api_server.go:330.3,330.32 1 1
github.com/xcoulon/kubectl-diagnose/testsupport/fake_api_server.go:334.96,335.80 1 39
github.com/xcoulon/kubectl-diagnose/testsupport/fake_api_server.go:335.80,340.17 5 2
github.com/xcoulon/kubectl-diagnose/testsupport/fake_api_server.go:340.17,343.4 2 0
github.com/xcoulon/kubectl-diagnose/testsupport/fake_api_server.go:344.3,347.28 2 2
github.com/xcoulon/kubectl-diagnose/testsupport/fake_api_server.go:347.28,350.39 1 32
github.com/xcoulon/kubectl-diagnose/testsupport/fake_api_server.go:350.39,352.5 1 3
github.com/xcoulon/kubectl-diagnose/testsupport/fake_api_server.go:354.3,354.32 1 2
github.com/xcoulon/kubectl-diagnose/testsupport/fake_api_server.go:358.90,359.80 1 39
github.com/xcoulon/kubectl-diagnose/testsupport/fake_api_server.go:359.80,364.17 5 2
github.com/xcoulon/kubectl-diagnose/testsupport/fake_api_server.go:364.17,367.4 2 0
github.com/xcoulon/kubectl-diagnose/testsupport/fake_api_server.go:368.3,375.28 2 2
github.com/xcoulon/kubectl-diagnose/testsupport/fake_api_server.go:375.28,382.9 1 32
github.com/xcoulon/kubectl-diagnose/testsupport/fake_api_server.go:382.9,384.5 1 1
github.com/xcoulon/kubectl-diagnose/testsupport/fake_api_server.go:386.3,386.34 1 2
github.com/xcoulon/kubectl-diagnose/testsupport/fake_api_server.go:390.79,392.16 2 20
github.com/xcoulon/kubectl-diagnose/testsupport/fake_api_server.go:392.16,396.3 3 0
github.com/xcoulon/kubectl-diagnose/testsupport/fake_api_server.go:397.2,399.17 3 20
github.com/xcoulon/kubectl-diagnose/testsupport/fake_api_server.go:402.72,404.55 2 17
github.com/xcoulon/kubectl-diagnose/testsupport/fake_api_server.go:404.55,408.3 3 16
github.com/xcoulon/kubectl-diagnose/testsupport/fake_api_server.go:409.2,410.30 2 1
github.com/xcoulon/kubectl-diagnose/testsupport/fake_api_server.go:417.41,425.2 1 8
github.com/xcoulon/kubectl-diagnose/testsupport/fake_api_server.go:427.42,435.2 1 1
github.com/xcoulon/kubectl-diagnose/testsupport/fake_api_server.go:437.47,445.2 1 7
github.com/xcoulon/kubectl-diagnose/testsupport/rest_config.go:9.51,19.2 1 0
github.com/xcoulon/kubectl-diagnose/testsupport/test_logger.go:14.13,16.2 1 1
github.com/xcoulon/kubectl-diagnose/testsupport/test_logger.go:18.30,20.18 2 39
github.com/xcoulon/kubectl-diagnose/testsupport/test_logger.go:21.15,25.4 1 0
github.com/xcoulon/kubectl-diagnose/testsupport/test_logger.go:27.2,30.3 1 39
github.com/xcoulon/kubectl-diagnose/testsupport/test_logger.go:40.62,43.2 1 71
github.com/xcoulon/kubectl-diagnose/testsupport/test_logger.go:45.61,48.2 2 1
github.com/xcoulon/kubectl-diagnose/testsupport/test_logger.go:50.62,53.2 2 17
github.com/xcoulon/kubectl-diagnose/testsupport/test_logger.go:55.38,57.2 1 0
github.com/xcoulon/kubectl-diagnose/pkg/diagnose/context.go:14.41,15.57 1 37
github.com/xcoulon/kubectl-diagnose/pkg/diagnose/context.go:15.57,17.3 1 37
github.com/xcoulon/kubectl-diagnose/pkg/diagnose/context.go:18.2,18.19 1 0
github.com/xcoulon/kubectl-diagnose/pkg/diagnose/diagnose.go:12.131,14.26 2 77
github.com/xcoulon/kubectl-diagnose/pkg/diagnose/diagnose.go:14.26,16.3 1 5
github.com/xcoulon/kubectl-diagnose/pkg/diagnose/diagnose.go:17.2,17.19 1 77
github.com/xcoulon/kubectl-diagnose/pkg/diagnose/diagnose.go:20.131,21.14 1 77
github.com/xcoulon/kubectl-diagnose/pkg/diagnose/diagnose.go:22.13,23.58 1 19
github.com/xcoulon/kubectl-diagnose/pkg/diagnose/diagnose.go:24.15,25.60 1 5
github.com/xcoulon/kubectl-diagnose/pkg/diagnose/diagnose.go:26.15,27.60 1 16
github.com/xcoulon/kubectl-diagnose/pkg/diagnose/diagnose.go:28.18,29.63 1 10
github.com/xcoulon/kubectl-diagnose/pkg/diagnose/diagnose.go:30.18,31.63 1 9
github.com/xcoulon/kubectl-diagnose/pkg/diagnose/diagnose.go:32.11,33.56 1 10
github.com/xcoulon/kubectl-diagnose/pkg/diagnose/diagnose.go:34.19,35.64 1 6
github.com/xcoulon/kubectl-diagnose/pkg/diagnose/diagnose.go:36.29,37.74 1 2
github.com/xcoulon/kubectl-diagnose/pkg/diagnose/diagnose.go:38.10,39.76 1 0
github.com/xcoulon/kubectl-diagnose/pkg/diagnose/diagnose_deployment.go:15.122,18.16 3 10
github.com/xcoulon/kubectl-diagnose/pkg/diagnose/diagnose_deployment.go:18.16,20.3 1 2
github.com/xcoulon/kubectl-diagnose/pkg/diagnose/diagnose_deployment.go:21.2,21.44 1 8
github.com/xcoulon/kubectl-diagnose/pkg/diagnose/diagnose_deployment.go:24.125,27.40 3 13
github.com/xcoulon/kubectl-diagnose/pkg/diagnose/diagnose_deployment.go:27.40,28.80 1 30
github.com/xcoulon/kubectl-diagnose/pkg/diagnose/diagnose_deployment.go:28.80,31.4 2 9
github.com/xcoulon/kubectl-diagnose/pkg/diagnose/diagnose_deployment.go:34.2,34.53 1 13
github.com/xcoulon/kubectl-diagnose/pkg/diagnose/diagnose_deployment.go:34.53,39.3 3 4
github.com/xcoulon/kubectl-diagnose/pkg/diagnose/diagnose_deployment.go:41.2,42.24 2 9
github.com/xcoulon/kubectl-diagnose/pkg/diagnose/diagnose_ingress.go:16.119,18.16 2 5
github.com/xcoulon/kubectl-diagnose/pkg/diagnose/diagnose_ingress.go:18.16,20.3 1 0
github.com/xcoulon/kubectl-diagnose/pkg/diagnose/diagnose_ingress.go:21.2,22.16 2 5
github.com/xcoulon/kubectl-diagnose/pkg/diagnose/diagnose_ingress.go:22.16,24.3 1 0
github.com/xcoulon/kubectl-diagnose/pkg/diagnose/diagnose_ingress.go:25.2,25.41 1 5
github.com/xcoulon/kubectl-diagnose/pkg/diagnose/diagnose_ingress.go:28.125,30.36 2 5
github.com/xcoulon/kubectl-diagnose/pkg/diagnose/diagnose_ingress.go:30.36,33.131 2 2
github.com/xcoulon/kubectl-diagnose/pkg/diagnose/diagnose_ingress.go:33.131,36.4 2 1
github.com/xcoulon/kubectl-diagnose/pkg/diagnose/diagnose_ingress.go:36.9,36.37 1 1
github.com/xcoulon/kubectl-diagnose/pkg/diagnose/diagnose_ingress.go:36.37,39.4 1 1
github.com/xcoulon/kubectl-diagnose/pkg/diagnose/diagnose_ingress.go:39.9,39.24 1 0
github.com/xcoulon/kubectl-diagnose/pkg/diagnose/diagnose_ingress.go:39.24,41.4 1 0
github.com/xcoulon/kubectl-diagnose/pkg/diagnose/diagnose_ingress.go:43.2,43.33 1 4
github.com/xcoulon/kubectl-diagnose/pkg/diagnose/diagnose_ingress.go:43.33,44.28 1 4
github.com/xcoulon/kubectl-diagnose/pkg/diagnose/diagnose_ingress.go:44.28,46.30 1 4
github.com/xcoulon/kubectl-diagnose/pkg/diagnose/diagnose_ingress.go:46.30,47.41 1 4
github.com/xcoulon/kubectl-diagnose/pkg/diagnose/diagnose_ingress.go:47.41,50.32 2 4
github.com/xcoulon/kubectl-diagnose/pkg/diagnose/diagnose_ingress.go:50.32,53.7 2 1
github.com/xcoulon/kubectl-diagnose/pkg/diagnose/diagnose_ingress.go:53.12,53.27 1 3
github.com/xcoulon/kubectl-diagnose/pkg/diagnose/diagnose_ingress.go:53.27,55.7 1 0
github.com/xcoulon/kubectl-diagnose/pkg/diagnose/diagnose_ingress.go:56.6,56.39 1 3
github.com/xcoulon/kubectl-diagnose/pkg/diagnose/diagnose_ingress.go:56.39,57.59 1 3
github.com/xcoulon/kubectl-diagnose/pkg/diagnose/diagnose_ingress.go:57.59,58.81 1 1
github.com/xcoulon/kubectl-diagnose/pkg/diagnose/diagnose_ingress.go:58.81,60.9 1 0
github.com/xcoulon/kubectl-diagnose/pkg/diagnose/diagnose_ingress.go:61.8,61.22 1 1
github.com/xcoulon/kubectl-diagnose/pkg/diagnose/diagnose_ingress.go:64.6,65.22 2 2
github.com/xcoulon/kubectl-diagnose/pkg/diagnose/diagnose_ingress.go:70.2,70.19 1 1
github.com/xcoulon/kubectl-diagnose/pkg/diagnose/diagnose_ingress.go:73.59,74.19 1 2
github.com/xcoulon/kubectl-diagnose/pkg/diagnose/diagnose_ingress.go:74.19,76.3 1 1
github.com/xcoulon/kubectl-diagnose/pkg/diagnose/diagnose_ingress.go:77.2,77.15 1 1
github.com/xcoulon/kubectl-diagnose/pkg/diagnose/diagnose_persistentvolumeclaim.go:14.133,17.16 3 2
github.com/xcoulon/kubectl-diagnose/pkg/diagnose/diagnose_persistentvolumeclaim.go:17.16,19.3 1 2
github.com/xcoulon/kubectl-diagnose/pkg/diagnose/diagnose_persistentvolumeclaim.go:20.2,20.57 1 0
github.com/xcoulon/kubectl-diagnose/pkg/diagnose/diagnose_persistentvolumeclaim.go:23.149,27.45 4 4
github.com/xcoulon/kubectl-diagnose/pkg/diagnose/diagnose_persistentvolumeclaim.go:27.45,29.3 1 4
github.com/xcoulon/kubectl-diagnose/pkg/diagnose/diagnose_persistentvolumeclaim.go:31.2,32.16 2 4
github.com/xcoulon/kubectl-diagnose/pkg/diagnose/diagnose_persistentvolumeclaim.go:32.16,34.3 1 0
github.com/xcoulon/kubectl-diagnose/pkg/diagnose/diagnose_persistentvolumeclaim.go:35.2,36.19 2 4
github.com/xcoulon/kubectl-diagnose/pkg/diagnose/diagnose_pod.go:16.115,19.16 3 10
github.com/xcoulon/kubectl-diagnose/pkg/diagnose/diagnose_pod.go:19.16,21.3 1 2
github.com/xcoulon/kubectl-diagnose/pkg/diagnose/diagnose_pod.go:22.2,22.39 1 8
github.com/xcoulon/kubectl-diagnose/pkg/diagnose/diagnose_pod.go:25.130,30.16 2 29
github.com/xcoulon/kubectl-diagnose/pkg/diagnose/diagnose_pod.go:30.16,32.3 1 0
github.com/xcoulon/kubectl-diagnose/pkg/diagnose/diagnose_pod.go:33.2,33.24 1 29
github.com/xcoulon/kubectl-diagnose/pkg/diagnose/diagnose_pod.go:36.113,41.42 4 39
github.com/xcoulon/kubectl-diagnose/pkg/diagnose/diagnose_pod.go:41.42,42.75 1 117
github.com/xcoulon/kubectl-diagnose/pkg/diagnose/diagnose_pod.go:42.75,45.4 2 6
github.com/xcoulon/kubectl-diagnose/pkg/diagnose/diagnose_pod.go:48.2,48.42 1 33
github.com/xcoulon/kubectl-diagnose/pkg/diagnose/diagnose_pod.go:48.42,49.10 1 101
github.com/xcoulon/kubectl-diagnose/pkg/diagnose/diagnose_pod.go:50.78,51.23 1 29
github.com/xcoulon/kubectl-diagnose/pkg/diagnose/diagnose_pod.go:51.23,53.5 1 29
github.com/xcoulon/kubectl-diagnose/pkg/diagnose/diagnose_pod.go:55.4,56.18 2 29
github.com/xcoulon/kubectl-diagnose/pkg/diagnose/diagnose_pod.go:56.18,58.5 1 0
github.com/xcoulon/kubectl-diagnose/pkg/diagnose/diagnose_pod.go:59.4,59.22 1 29
github.com/xcoulon/kubectl-diagnose/pkg/diagnose/diagnose_pod.go:60.120,62.39 1 4
github.com/xcoulon/kubectl-diagnose/pkg/diagnose/diagnose_pod.go:62.39,63.39 1 12
github.com/xcoulon/kubectl-diagnose/pkg/diagnose/diagnose_pod.go:63.39,65.20 2 4
github.com/xcoulon/kubectl-diagnose/pkg/diagnose/diagnose_pod.go:65.20,67.7 1 0
github.com/xcoulon/kubectl-diagnose/pkg/diagnose/diagnose_pod.go:68.6,69.20 2 4
github.com/xcoulon/kubectl-diagnose/pkg/diagnose/diagnose_pod.go:69.20,71.7 1 0
github.com/xcoulon/kubectl-diagnose/pkg/diagnose/diagnose_pod.go:72.6,72.24 1 4
github.com/xcoulon/kubectl-diagnose/pkg/diagnose/diagnose_pod.go:79.2,80.16 2 33
github.com/xcoulon/kubectl-diagnose/pkg/diagnose/diagnose_pod.go:80.16,82.3 1 0
github.com/xcoulon/kubectl-diagnose/pkg/diagnose/diagnose_pod.go:83.2,84.19 2 33
github.com/xcoulon/kubectl-diagnose/pkg/diagnose/diagnose_pod.go:89.122,91.50 2 29
github.com/xcoulon/kubectl-diagnose/pkg/diagnose/diagnose_pod.go:91.50,92.10 1 40
github.com/xcoulon/kubectl-diagnose/pkg/diagnose/diagnose_pod.go:93.69,95.67 2 1
github.com/xcoulon/kubectl-diagnose/pkg/diagnose/diagnose_pod.go:96.32,98.38 2 25
github.com/xcoulon/kubectl-diagnose/pkg/diagnose/diagnose_pod.go:98.38,100.5 1 16
github.com/xcoulon/kubectl-diagnose/pkg/diagnose/diagnose_pod.go:100.10,102.5 1 9
github.com/xcoulon/kubectl-diagnose/pkg/diagnose/diagnose_pod.go:103.4,103.11 1 25
github.com/xcoulon/kubectl-diagnose/pkg/diagnose/diagnose_pod.go:104.152,105.107 1 4
github.com/xcoulon/kubectl-diagnose/pkg/diagnose/diagnose_pod.go:106.83,106.83 0 9
github.com/xcoulon/kubectl-diagnose/pkg/diagnose/diagnose_pod.go:108.12,110.19 2 12
github.com/xcoulon/kubectl-diagnose/pkg/diagnose/diagnose_pod.go:110.19,112.6 1 0
github.com/xcoulon/kubectl-diagnose/pkg/diagnose/diagnose_pod.go:115.54,117.18 2 5
github.com/xcoulon/kubectl-diagnose/pkg/diagnose/diagnose_pod.go:117.18,119.5 1 0
github.com/xcoulon/kubectl-diagnose/pkg/diagnose/diagnose_pod.go:120.4,120.22 1 5
github.com/xcoulon/kubectl-diagnose/pkg/diagnose/diagnose_pod.go:132.2,132.19 1 29
github.com/xcoulon/kubectl-diagnose/pkg/diagnose/diagnose_pod.go:135.141,139.16 4 17
github.com/xcoulon/kubectl-diagnose/pkg/diagnose/diagnose_pod.go:139.16,141.3 1 0
github.com/xcoulon/kubectl-diagnose/pkg/diagnose/diagnose_pod.go:142.2,143.54 2 17
github.com/xcoulon/kubectl-diagnose/pkg/diagnose/diagnose_pod.go:143.54,149.34 2 97
github.com/xcoulon/kubectl-diagnose/pkg/diagnose/diagnose_pod.go:149.34,152.4 2 5
github.com/xcoulon/kubectl-diagnose/pkg/diagnose/diagnose_pod.go:154.2,154.12 1 17
github.com/xcoulon/kubectl-diagnose/pkg/diagnose/diagnose_pod.go:154.12,156.3 1 12
github.com/xcoulon/kubectl-diagnose/pkg/diagnose/diagnose_pod.go:157.2,157.19 1 17
github.com/xcoulon/kubectl-diagnose/pkg/diagnose/diagnose_replicaset.go:18.122,21.16 3 9
github.com/xcoulon/kubectl-diagnose/pkg/diagnose/diagnose_replicaset.go:21.16,23.3 1 0
github.com/xcoulon/kubectl-diagnose/pkg/diagnose/diagnose_replicaset.go:24.2,24.45 1 9
github.com/xcoulon/kubectl-diagnose/pkg/diagnose/diagnose_replicaset.go:27.169,31.16 2 9
github.com/xcoulon/kubectl-diagnose/pkg/diagnose/diagnose_replicaset.go:31.16,33.3 1 0
github.com/xcoulon/kubectl-diagnose/pkg/diagnose/diagnose_replicaset.go:35.2,37.27 2 9
github.com/xcoulon/kubectl-diagnose/pkg/diagnose/diagnose_replicaset.go:37.27,38.52 1 11
github.com/xcoulon/kubectl-diagnose/pkg/diagnose/diagnose_replicaset.go:38.52,39.26 1 11
github.com/xcoulon/kubectl-diagnose/pkg/diagnose/diagnose_replicaset.go:39.26,41.18 2 11
github.com/xcoulon/kubectl-diagnose/pkg/diagnose/diagnose_replicaset.go:41.18,43.6 1 2
github.com/xcoulon/kubectl-diagnose/pkg/diagnose/diagnose_replicaset.go:44.5,45.34 2 11
github.com/xcoulon/kubectl-diagnose/pkg/diagnose/diagnose_replicaset.go:45.34,47.18 2 10
github.com/xcoulon/kubectl-diagnose/pkg/diagnose/diagnose_replicaset.go:53.2,53.45 1 9
github.com/xcoulon/kubectl-diagnose/pkg/diagnose/diagnose_replicaset.go:57.126,59.41 2 18
github.com/xcoulon/kubectl-diagnose/pkg/diagnose/diagnose_replicaset.go:59.41,62.37 1 4
github.com/xcoulon/kubectl-diagnose/pkg/diagnose/diagnose_replicaset.go:62.37,65.4 2 4
github.com/xcoulon/kubectl-diagnose/pkg/diagnose/diagnose_replicaset.go:68.2,68.55 1 14
github.com/xcoulon/kubectl-diagnose/pkg/diagnose/diagnose_replicaset.go:68.55,69.47 1 1
github.com/xcoulon/kubectl-diagnose/pkg/diagnose/diagnose_replicaset.go:69.47,70.37 1 1
github.com/xcoulon/kubectl-diagnose/pkg/diagnose/diagnose_replicaset.go:70.37,72.19 2 1
github.com/xcoulon/kubectl-diagnose/pkg/diagnose/diagnose_replicaset.go:72.19,74.6 1 0
github.com/xcoulon/kubectl-diagnose/pkg/diagnose/diagnose_replicaset.go:75.5,75.47 1 1
github.com/xcoulon/kubectl-diagnose/pkg/diagnose/diagnose_replicaset.go:80.2,84.16 3 13
github.com/xcoulon/kubectl-diagnose/pkg/diagnose/diagnose_replicaset.go:84.16,86.3 1 0
github.com/xcoulon/kubectl-diagnose/pkg/diagnose/diagnose_replicaset.go:88.2,88.26 1 13
github.com/xcoulon/kubectl-diagnose/pkg/diagnose/diagnose_replicaset.go:88.26,92.3 3 0
github.com/xcoulon/kubectl-diagnose/pkg/diagnose/diagnose_replicaset.go:93.2,93.28 1 13
github.com/xcoulon/kubectl-diagnose/pkg/diagnose/diagnose_replicaset.go:93.28,96.48 3 14
github.com/xcoulon/kubectl-diagnose/pkg/diagnose/diagnose_replicaset.go:96.48,97.30 1 12
github.com/xcoulon/kubectl-diagnose/pkg/diagnose/diagnose_replicaset.go:97.30,99.66 1 12
github.com/xcoulon/kubectl-diagnose/pkg/diagnose/diagnose_replicaset.go:99.66,101.6 1 0
github.com/xcoulon/kubectl-diagnose/pkg/diagnose/diagnose_replicaset.go:101.11,101.21 1 12
github.com/xcoulon/kubectl-diagnose/pkg/diagnose/diagnose_replicaset.go:101.21,103.6 1 12
github.com/xcoulon/kubectl-diagnose/pkg/diagnose/diagnose_replicaset.go:107.2,107.19 1 1
github.com/xcoulon/kubectl-diagnose/pkg/diagnose/diagnose_route.go:16.117,18.16 2 19
github.com/xcoulon/kubectl-diagnose/pkg/diagnose/diagnose_route.go:18.16,20.3 1 2
github.com/xcoulon/kubectl-diagnose/pkg/diagnose/diagnose_route.go:21.2,22.39 2 17
github.com/xcoulon/kubectl-diagnose/pkg/diagnose/diagnose_route.go:28.120,31.31 3 17
github.com/xcoulon/kubectl-diagnose/pkg/diagnose/diagnose_route.go:31.31,34.3 2 1
github.com/xcoulon/kubectl-diagnose/pkg/diagnose/diagnose_route.go:34.8,34.23 1 16
github.com/xcoulon/kubectl-diagnose/pkg/diagnose/diagnose_route.go:34.23,36.3 1 0
github.com/xcoulon/kubectl-diagnose/pkg/diagnose/diagnose_route.go:38.2,39.25 2 16
github.com/xcoulon/kubectl-diagnose/pkg/diagnose/diagnose_route.go:40.18,41.39 1 1
github.com/xcoulon/kubectl-diagnose/pkg/diagnose/diagnose_route.go:41.39,42.38 1 1
github.com/xcoulon/kubectl-diagnose/pkg/diagnose/diagnose_route.go:42.38,44.5 1 0
github.com/xcoulon/kubectl-diagnose/pkg/diagnose/diagnose_route.go:46.3,47.19 2 1
github.com/xcoulon/kubectl-diagnose/pkg/diagnose/diagnose_route.go:48.10,49.39 1 15
github.com/xcoulon/kubectl-diagnose/pkg/diagnose/diagnose_route.go:49.39,50.38 1 15
github.com/xcoulon/kubectl-diagnose/pkg/diagnose/diagnose_route.go:50.38,52.5 1 14
github.com/xcoulon/kubectl-diagnose/pkg/diagnose/diagnose_route.go:54.3,55.19 2 1
github.com/xcoulon/kubectl-diagnose/pkg/diagnose/diagnose_service.go:14.119,17.16 3 16
github.com/xcoulon/kubectl-diagnose/pkg/diagnose/diagnose_service.go:17.16,19.3 1 2
github.com/xcoulon/kubectl-diagnose/pkg/diagnose/diagnose_service.go:20.2,20.43 1 14
github.com/xcoulon/kubectl-diagnose/pkg/diagnose/diagnose_service.go:23.121,27.16 3 29
github.com/xcoulon/kubectl-diagnose/pkg/diagnose/diagnose_service.go:27.16,29.3 1 0
github.com/xcoulon/kubectl-diagnose/pkg/diagnose/diagnose_service.go:32.2,32.20 1 29
github.com/xcoulon/kubectl-diagnose/pkg/diagnose/diagnose_service.go:32.20,36.17 3 10
github.com/xcoulon/kubectl-diagnose/pkg/diagnose/diagnose_service.go:36.17,38.4 1 0
github.com/xcoulon/kubectl-diagnose/pkg/diagnose/diagnose_service.go:39.3,39.40 1 10
github.com/xcoulon/kubectl-diagnose/pkg/diagnose/diagnose_service.go:39.40,41.65 2 6
github.com/xcoulon/kubectl-diagnose/pkg/diagnose/diagnose_service.go:41.65,44.19 3 4
github.com/xcoulon/kubectl-diagnose/pkg/diagnose/diagnose_service.go:44.19,46.6 1 0
github.com/xcoulon/kubectl-diagnose/pkg/diagnose/diagnose_service.go:47.5,47.14 1 4
github.com/xcoulon/kubectl-diagnose/pkg/diagnose/diagnose_service.go:47.14,49.6 1 4
github.com/xcoulon/kubectl-diagnose/pkg/diagnose/diagnose_service.go:53.3,54.17 2 6
github.com/xcoulon/kubectl-diagnose/pkg/diagnose/diagnose_service.go:54.17,56.4 1 0
github.com/xcoulon/kubectl-diagnose/pkg/diagnose/diagnose_service.go:57.3,57.33 1 6
github.com/xcoulon/kubectl-diagnose/pkg/diagnose/diagnose_service.go:57.33,58.61 1 4
github.com/xcoulon/kubectl-diagnose/pkg/diagnose/diagnose_service.go:58.61,61.19 3 4
github.com/xcoulon/kubectl-diagnose/pkg/diagnose/diagnose_service.go:61.19,63.6 1 0
github.com/xcoulon/kubectl-diagnose/pkg/diagnose/diagnose_service.go:64.5,64.14 1 4
github.com/xcoulon/kubectl-diagnose/pkg/diagnose/diagnose_service.go:64.14,66.6 1 4
github.com/xcoulon/kubectl-diagnose/pkg/diagnose/diagnose_service.go:69.3,71.19 3 2
github.com/xcoulon/kubectl-diagnose/pkg/diagnose/diagnose_service.go:73.1,74.27 1 19
github.com/xcoulon/kubectl-diagnose/pkg/diagnose/diagnose_service.go:74.27,76.37 2 21
github.com/xcoulon/kubectl-diagnose/pkg/diagnose/diagnose_service.go:76.37,80.42 2 21
github.com/xcoulon/kubectl-diagnose/pkg/diagnose/diagnose_service.go:80.42,81.32 1 24
github.com/xcoulon/kubectl-diagnose/pkg/diagnose/diagnose_service.go:81.32,82.85 1 24
github.com/xcoulon/kubectl-diagnose/pkg/diagnose/diagnose_service.go:82.85,85.23 3 17
github.com/xcoulon/kubectl-diagnose/pkg/diagnose/diagnose_service.go:89.4,89.14 1 21
github.com/xcoulon/kubectl-diagnose/pkg/diagnose/diagnose_service.go:89.14,92.5 2 4
github.com/xcoulon/kubectl-diagnose/pkg/diagnose/diagnose_service.go:93.4,94.63 2 17
github.com/xcoulon/kubectl-diagnose/pkg/diagnose/diagnose_service.go:94.63,96.5 1 0
github.com/xcoulon/kubectl-diagnose/pkg/diagnose/diagnose_service.go:96.10,96.20 1 17
github.com/xcoulon/kubectl-diagnose/pkg/diagnose/diagnose_service.go:96.20,98.5 1 12
github.com/xcoulon/kubectl-diagnose/pkg/diagnose/diagnose_service.go:99.4,99.17 1 5
github.com/xcoulon/kubectl-diagnose/pkg/diagnose/diagnose_service.go:103.2,103.19 1 3
github.com/xcoulon/kubectl-diagnose/pkg/diagnose/diagnose_statefulset.go:15.123,18.16 3 6
github.com/xcoulon/kubectl-diagnose/pkg/diagnose/diagnose_statefulset.go:18.16,20.3 1 2
github.com/xcoulon/kubectl-diagnose/pkg/diagnose/diagnose_statefulset.go:21.2,21.47 1 4
github.com/xcoulon/kubectl-diagnose/pkg/diagnose/diagnose_statefulset.go:24.129,28.57 3 8
github.com/xcoulon/kubectl-diagnose/pkg/diagnose/diagnose_statefulset.go:28.57,33.3 3 3
github.com/xcoulon/kubectl-diagnose/pkg/diagnose/diagnose_statefulset.go:35.2,35.74 1 5
github.com/xcoulon/kubectl-diagnose/pkg/diagnose/diagnose_statefulset.go:35.74,37.3 1 3
github.com/xcoulon/kubectl-diagnose/pkg/diagnose/diagnose_statefulset.go:39.2,46.16 4 2
github.com/xcoulon/kubectl-diagnose/pkg/diagnose/diagnose_statefulset.go:46.16,48.3 1 0
github.com/xcoulon/kubectl-diagnose/pkg/diagnose/diagnose_statefulset.go:50.2,50.26 1 2
github.com/xcoulon/kubectl-diagnose/pkg/diagnose/diagnose_statefulset.go:50.26,54.3 3 0
github.com/xcoulon/kubectl-diagnose/pkg/diagnose/diagnose_statefulset.go:55.2,55.28 1 2
github.com/xcoulon/kubectl-diagnose/pkg/diagnose/diagnose_statefulset.go:55.28,58.48 3 2
github.com/xcoulon/kubectl-diagnose/pkg/diagnose/diagnose_statefulset.go:58.48,59.31 1 2
github.com/xcoulon/kubectl-diagnose/pkg/diagnose/diagnose_statefulset.go:59.31,61.66 1 2
github.com/xcoulon/kubectl-diagnose/pkg/diagnose/diagnose_statefulset.go:61.66,63.6 1 0
github.com/xcoulon/kubectl-diagnose/pkg/diagnose/diagnose_statefulset.go:63.11,63.21 1 2
github.com/xcoulon/kubectl-diagnose/pkg/diagnose/diagnose_statefulset.go:63.21,65.6 1 2
github.com/xcoulon/kubectl-diagnose/pkg/diagnose/diagnose_statefulset.go:69.2,69.19 1 0
github.com/xcoulon/kubectl-diagnose/pkg/diagnose/events.go:19.125,24.16 3 42
github.com/xcoulon/kubectl-diagnose/pkg/diagnose/events.go:24.16,26.3 1 0
github.com/xcoulon/kubectl-diagnose/pkg/diagnose/events.go:27.2,28.47 2 42
github.com/xcoulon/kubectl-diagnose/pkg/diagnose/events.go:28.47,30.3 1 0
github.com/xcoulon/kubectl-diagnose/pkg/diagnose/events.go:31.2,31.33 1 42
github.com/xcoulon/kubectl-diagnose/pkg/diagnose/events.go:31.33,34.3 2 37
github.com/xcoulon/kubectl-diagnose/pkg/diagnose/events.go:35.2,35.19 1 42
github.com/xcoulon/kubectl-diagnose/pkg/diagnose/events.go:38.40,39.9 1 37
github.com/xcoulon/kubectl-diagnose/pkg/diagnose/events.go:40.33,41.30 1 33
github.com/xcoulon/kubectl-diagnose/pkg/diagnose/events.go:42.34,43.31 1 0
github.com/xcoulon/kubectl-diagnose/pkg/diagnose/events.go:44.10,45.26 1 4
github.com/xcoulon/kubectl-diagnose/pkg/diagnose/resource_kind.go:25.48,26.31 1 28
github.com/xcoulon/kubectl-diagnose/pkg/diagnose/resource_kind.go:27.53,28.15 1 3
github.com/xcoulon/kubectl-diagnose/pkg/diagnose/resource_kind.go:29.66,30.17 1 0
github.com/xcoulon/kubectl-diagnose/pkg/diagnose/resource_kind.go:31.74,32.22 1 0
github.com/xcoulon/kubectl-diagnose/pkg/diagnose/resource_kind.go:33.36,34.17 1 3
github.com/xcoulon/kubectl-diagnose/pkg/diagnose/resource_kind.go:35.64,36.20 1 4
github.com/xcoulon/kubectl-diagnose/pkg/diagnose/resource_kind.go:37.60,38.20 1 4
github.com/xcoulon/kubectl-diagnose/pkg/diagnose/resource_kind.go:39.27,40.13 1 3
github.com/xcoulon/kubectl-diagnose/pkg/diagnose/resource_kind.go:41.64,42.21 1 4
github.com/xcoulon/kubectl-diagnose/pkg/diagnose/resource_kind.go:43.64,44.31 1 3
github.com/xcoulon/kubectl-diagnose/pkg/diagnose/resource_kind.go:45.77,46.22 1 4
github.com/xcoulon/kubectl-diagnose/pkg/diagnose/resource_kind.go:47.10,48.17 1 0
github.com/xcoulon/kubectl-diagnose/pkg/diagnose/resource_kind.go:52.60,54.2 1 323
github.com/xcoulon/kubectl-diagnose/pkg/diagnose/resource_kind.go:56.39,58.2 1 94
